{
  "stats": {
    "suites": 12,
    "tests": 41,
    "passes": 21,
    "pending": 0,
    "failures": 20,
    "start": "2022-02-24T00:36:14.733Z",
    "end": "2022-02-24T00:37:51.306Z",
    "duration": 96573,
    "testsRegistered": 41,
    "passPercent": 51.21951219512195,
    "pendingPercent": 0,
    "other": 0,
    "hasOther": false,
    "skipped": 0,
    "hasSkipped": false
  },
  "results": [
    {
      "uuid": "4256d140-7457-42dd-a0aa-13fe46a8487c",
      "title": "",
      "fullFile": "cypress/integration/project.spec.js",
      "file": "cypress/integration/project.spec.js",
      "beforeHooks": [],
      "afterHooks": [],
      "tests": [],
      "suites": [
        {
          "uuid": "29ef52e2-21e2-4251-966e-d93fa8be54ea",
          "title": "1 - Adicione à página o título \"Paleta de Cores\".",
          "fullFile": "",
          "file": "",
          "beforeHooks": [],
          "afterHooks": [],
          "tests": [
            {
              "title": "Verifica se contém um elemento `h1` com o id `title` com o título correto",
              "fullTitle": "1 - Adicione à página o título \"Paleta de Cores\". Verifica se contém um elemento `h1` com o id `title` com o título correto",
              "timedOut": null,
              "duration": 217,
              "state": "passed",
              "speed": "slow",
              "pass": true,
              "fail": false,
              "pending": false,
              "context": null,
              "code": "cy.get('h1#title').should('contain.text', 'Paleta de Cores');",
              "err": {},
              "uuid": "915474ce-ca25-4c48-9092-63bcf97f9e1f",
              "parentUUID": "29ef52e2-21e2-4251-966e-d93fa8be54ea",
              "isHook": false,
              "skipped": false
            }
          ],
          "suites": [],
          "passes": [
            "915474ce-ca25-4c48-9092-63bcf97f9e1f"
          ],
          "failures": [],
          "pending": [],
          "skipped": [],
          "duration": 217,
          "root": false,
          "rootEmpty": false,
          "_timeout": 2000
        },
        {
          "uuid": "347709d9-33b3-40ed-bc91-f7989e6afc71",
          "title": "2 - Adicione à página uma paleta de quatro cores distintas.",
          "fullFile": "",
          "file": "",
          "beforeHooks": [],
          "afterHooks": [],
          "tests": [
            {
              "title": "A paleta de cores deve ser um elemento com `id` denominado `color-palette` e ter mais de 0px de altura e de largura.",
              "fullTitle": "2 - Adicione à página uma paleta de quatro cores distintas. A paleta de cores deve ser um elemento com `id` denominado `color-palette` e ter mais de 0px de altura e de largura.",
              "timedOut": null,
              "duration": 200,
              "state": "passed",
              "speed": "slow",
              "pass": true,
              "fail": false,
              "pending": false,
              "context": null,
              "code": "cy.get('#color-palette').should('be.visible');\ncy.get('#color-palette').children('.color');",
              "err": {},
              "uuid": "caa9ddb4-d01a-4d80-b5de-43efe40627a3",
              "parentUUID": "347709d9-33b3-40ed-bc91-f7989e6afc71",
              "isHook": false,
              "skipped": false
            },
            {
              "title": "Verifica se cada cor individual da paleta de cores possui a `classe` chamada `color`.",
              "fullTitle": "2 - Adicione à página uma paleta de quatro cores distintas. Verifica se cada cor individual da paleta de cores possui a `classe` chamada `color`.",
              "timedOut": null,
              "duration": 196,
              "state": "passed",
              "speed": "slow",
              "pass": true,
              "fail": false,
              "pending": false,
              "context": null,
              "code": "cy.get('.color').should('have.length', 4).then(function (colors) {\n  for (var i = 0; i < colors.length; i++) {\n    cy.wrap(colors[i]).should('be.visible');\n  }\n});",
              "err": {},
              "uuid": "7c65d175-ac17-4804-ac6b-5a70c503b9a9",
              "parentUUID": "347709d9-33b3-40ed-bc91-f7989e6afc71",
              "isHook": false,
              "skipped": false
            },
            {
              "title": "Verifica se a cor de fundo de cada elemento da paleta é a cor que o elemento representa. **A única cor não permitida na paleta é a cor branca.**",
              "fullTitle": "2 - Adicione à página uma paleta de quatro cores distintas. Verifica se a cor de fundo de cada elemento da paleta é a cor que o elemento representa. **A única cor não permitida na paleta é a cor branca.**",
              "timedOut": null,
              "duration": 214,
              "state": "passed",
              "speed": "slow",
              "pass": true,
              "fail": false,
              "pending": false,
              "context": null,
              "code": "cy.get('.color').each(function (color) {\n  cy.wrap(color).should('have.class', 'color').and('not.have.css', 'background-color', WHITE);\n  cy.wrap(color).should('have.css', 'background-color');\n});",
              "err": {},
              "uuid": "840712ce-390d-4174-a9c2-047ff0a68843",
              "parentUUID": "347709d9-33b3-40ed-bc91-f7989e6afc71",
              "isHook": false,
              "skipped": false
            },
            {
              "title": "Verifica se cada elemento da paleta de cores tem uma borda preta, sólida e com 1 pixel de largura;",
              "fullTitle": "2 - Adicione à página uma paleta de quatro cores distintas. Verifica se cada elemento da paleta de cores tem uma borda preta, sólida e com 1 pixel de largura;",
              "timedOut": null,
              "duration": 200,
              "state": "passed",
              "speed": "slow",
              "pass": true,
              "fail": false,
              "pending": false,
              "context": null,
              "code": "cy.get('.color').each(function (color) {\n  cy.wrap(color).and('have.css', 'border', \"1px solid \".concat(BLACK)).and('have.class', 'color');\n});",
              "err": {},
              "uuid": "5791faef-7976-4b8d-86a5-62d1f4f37cd5",
              "parentUUID": "347709d9-33b3-40ed-bc91-f7989e6afc71",
              "isHook": false,
              "skipped": false
            },
            {
              "title": "Verifica se a paleta lista todas as cores disponíveis para utilização, lado a lado.",
              "fullTitle": "2 - Adicione à página uma paleta de quatro cores distintas. Verifica se a paleta lista todas as cores disponíveis para utilização, lado a lado.",
              "timedOut": null,
              "duration": 113,
              "state": "passed",
              "speed": "slow",
              "pass": true,
              "fail": false,
              "pending": false,
              "context": null,
              "code": "cy.get('.color').then(function (colors) {\n  for (var index = 1; index < colors.length; index += 1) {\n    var currentColor = colors[index];\n    var previousColor = colors[index - 1];\n    cy.wrap(currentColor).should('be.onTheRightOf', previousColor).and('be.horizontallyAlignedWith', previousColor);\n  }\n});",
              "err": {},
              "uuid": "64fb5d79-18fb-43e5-9d6b-c71b3362e4fd",
              "parentUUID": "347709d9-33b3-40ed-bc91-f7989e6afc71",
              "isHook": false,
              "skipped": false
            },
            {
              "title": "Verifica se a paleta de cores está posicionada abaixo do título 'Paleta de Cores'",
              "fullTitle": "2 - Adicione à página uma paleta de quatro cores distintas. Verifica se a paleta de cores está posicionada abaixo do título 'Paleta de Cores'",
              "timedOut": null,
              "duration": 178,
              "state": "passed",
              "speed": "slow",
              "pass": true,
              "fail": false,
              "pending": false,
              "context": null,
              "code": "cy.get('h1#title').then(function (title) {\n  cy.get('#color-palette').should('be.belowOf', title);\n});",
              "err": {},
              "uuid": "8ce8de92-52c5-4e3a-ba4c-63afb28b716e",
              "parentUUID": "347709d9-33b3-40ed-bc91-f7989e6afc71",
              "isHook": false,
              "skipped": false
            },
            {
              "title": "Verifica se a paleta de cores não contém cores repetidas.",
              "fullTitle": "2 - Adicione à página uma paleta de quatro cores distintas. Verifica se a paleta de cores não contém cores repetidas.",
              "timedOut": null,
              "duration": 89,
              "state": "passed",
              "speed": "slow",
              "pass": true,
              "fail": false,
              "pending": false,
              "context": null,
              "code": "cy.get('.color').then(function (colors) {\n  var allColors = Array.from(colors).map(function (color) {\n    return Cypress.$(color).css('background-color');\n  });\n  cy.log(allColors);\n  var uniqColors = (0, _toConsumableArray2[\"default\"])(new Set(allColors));\n  cy.log(uniqColors);\n  expect(allColors.length).to.eq(uniqColors.length);\n});",
              "err": {},
              "uuid": "19b94ae0-6a60-4e0c-b5c5-b85d25635be1",
              "parentUUID": "347709d9-33b3-40ed-bc91-f7989e6afc71",
              "isHook": false,
              "skipped": false
            }
          ],
          "suites": [],
          "passes": [
            "caa9ddb4-d01a-4d80-b5de-43efe40627a3",
            "7c65d175-ac17-4804-ac6b-5a70c503b9a9",
            "840712ce-390d-4174-a9c2-047ff0a68843",
            "5791faef-7976-4b8d-86a5-62d1f4f37cd5",
            "64fb5d79-18fb-43e5-9d6b-c71b3362e4fd",
            "8ce8de92-52c5-4e3a-ba4c-63afb28b716e",
            "19b94ae0-6a60-4e0c-b5c5-b85d25635be1"
          ],
          "failures": [],
          "pending": [],
          "skipped": [],
          "duration": 1190,
          "root": false,
          "rootEmpty": false,
          "_timeout": 2000
        },
        {
          "uuid": "154c6624-acf0-43a1-aff2-33b92a97934d",
          "title": "3 - Adicione a cor **preta** como a primeira cor da paleta de cores.",
          "fullFile": "",
          "file": "",
          "beforeHooks": [],
          "afterHooks": [],
          "tests": [
            {
              "title": "Verifica se a primeira cor da paleta é preta",
              "fullTitle": "3 - Adicione a cor **preta** como a primeira cor da paleta de cores. Verifica se a primeira cor da paleta é preta",
              "timedOut": null,
              "duration": 142,
              "state": "passed",
              "speed": "slow",
              "pass": true,
              "fail": false,
              "pending": false,
              "context": null,
              "code": "cy.get('.color').first().should('have.css', 'background-color', BLACK);",
              "err": {},
              "uuid": "2bb87a9d-9f6b-4e1e-bee1-4ce18223bab1",
              "parentUUID": "154c6624-acf0-43a1-aff2-33b92a97934d",
              "isHook": false,
              "skipped": false
            },
            {
              "title": "Verifica se as demais cores podem ser escolhidas livremente.",
              "fullTitle": "3 - Adicione a cor **preta** como a primeira cor da paleta de cores. Verifica se as demais cores podem ser escolhidas livremente.",
              "timedOut": null,
              "duration": 213,
              "state": "passed",
              "speed": "slow",
              "pass": true,
              "fail": false,
              "pending": false,
              "context": null,
              "code": "cy.get('.color').eq(1).should('not.have.css', 'background-color', BLACK);\ncy.get('.color').eq(1).should('not.have.css', 'background-color', WHITE);\ncy.get('.color').eq(1).should('not.have.css', 'background-color', 'rgba(0, 0, 0, 0)');\ncy.get('.color').eq(1).should('have.css', 'background-color');\ncy.get('.color').eq(2).should('not.have.css', 'background-color', BLACK);\ncy.get('.color').eq(2).should('not.have.css', 'background-color', WHITE);\ncy.get('.color').eq(2).should('not.have.css', 'background-color', 'rgba(0, 0, 0, 0)');\ncy.get('.color').eq(2).should('have.css', 'background-color');\ncy.get('.color').eq(3).should('not.have.css', 'background-color', BLACK);\ncy.get('.color').eq(3).should('not.have.css', 'background-color', WHITE);\ncy.get('.color').eq(3).should('not.have.css', 'background-color', 'rgba(0, 0, 0, 0)');\ncy.get('.color').eq(3).should('have.css', 'background-color');",
              "err": {},
              "uuid": "16f6e060-e787-4750-8f82-2f67bed7c8e0",
              "parentUUID": "154c6624-acf0-43a1-aff2-33b92a97934d",
              "isHook": false,
              "skipped": false
            }
          ],
          "suites": [],
          "passes": [
            "2bb87a9d-9f6b-4e1e-bee1-4ce18223bab1",
            "16f6e060-e787-4750-8f82-2f67bed7c8e0"
          ],
          "failures": [],
          "pending": [],
          "skipped": [],
          "duration": 355,
          "root": false,
          "rootEmpty": false,
          "_timeout": 2000
        },
        {
          "uuid": "2aac02b0-a514-4e6b-b652-1d0915999861",
          "title": "4 - Adicione à página um quadro de pixels, com 25 pixels.",
          "fullFile": "",
          "file": "",
          "beforeHooks": [],
          "afterHooks": [],
          "tests": [
            {
              "title": "Verifica se o quadro de pixels possui o `id` denominado `pixel-board`",
              "fullTitle": "4 - Adicione à página um quadro de pixels, com 25 pixels. Verifica se o quadro de pixels possui o `id` denominado `pixel-board`",
              "timedOut": null,
              "duration": 155,
              "state": "passed",
              "speed": "slow",
              "pass": true,
              "fail": false,
              "pending": false,
              "context": null,
              "code": "cy.get('#pixel-board').should('be.visible');",
              "err": {},
              "uuid": "b5bb3f6f-be1b-45c4-8dcf-8f5c86663653",
              "parentUUID": "2aac02b0-a514-4e6b-b652-1d0915999861",
              "isHook": false,
              "skipped": false
            },
            {
              "title": "Verifica se cada pixel individual dentro do quadro possui a `classe` denominada `pixel`.",
              "fullTitle": "4 - Adicione à página um quadro de pixels, com 25 pixels. Verifica se cada pixel individual dentro do quadro possui a `classe` denominada `pixel`.",
              "timedOut": null,
              "duration": 140,
              "state": "passed",
              "speed": "slow",
              "pass": true,
              "fail": false,
              "pending": false,
              "context": null,
              "code": "cy.get('.pixel').should('have.length', 25);",
              "err": {},
              "uuid": "75dbe572-7692-4bf2-a2be-2ec2b434e141",
              "parentUUID": "2aac02b0-a514-4e6b-b652-1d0915999861",
              "isHook": false,
              "skipped": false
            },
            {
              "title": "Verifica se a cor inicial dos pixels dentro do quadro, ao abrir a página, é branca.",
              "fullTitle": "4 - Adicione à página um quadro de pixels, com 25 pixels. Verifica se a cor inicial dos pixels dentro do quadro, ao abrir a página, é branca.",
              "timedOut": null,
              "duration": 228,
              "state": "passed",
              "speed": "slow",
              "pass": true,
              "fail": false,
              "pending": false,
              "context": null,
              "code": "cy.get('.pixel').should('have.length', 25).each(function (pixel) {\n  expect(pixel).to.have.css('background-color', WHITE);\n});",
              "err": {},
              "uuid": "a5b78e4b-c445-47a3-9121-4e3d1bec567a",
              "parentUUID": "2aac02b0-a514-4e6b-b652-1d0915999861",
              "isHook": false,
              "skipped": false
            },
            {
              "title": "Verifica se o quadro de pixels aparece abaixo da paleta de cores",
              "fullTitle": "4 - Adicione à página um quadro de pixels, com 25 pixels. Verifica se o quadro de pixels aparece abaixo da paleta de cores",
              "timedOut": null,
              "duration": 102,
              "state": "passed",
              "speed": "slow",
              "pass": true,
              "fail": false,
              "pending": false,
              "context": null,
              "code": "cy.get('#color-palette').then(function (palette) {\n  cy.get('#pixel-board').should('be.belowOf', palette);\n});",
              "err": {},
              "uuid": "5374370d-92f4-4c82-ba75-71b3e01406aa",
              "parentUUID": "2aac02b0-a514-4e6b-b652-1d0915999861",
              "isHook": false,
              "skipped": false
            }
          ],
          "suites": [],
          "passes": [
            "b5bb3f6f-be1b-45c4-8dcf-8f5c86663653",
            "75dbe572-7692-4bf2-a2be-2ec2b434e141",
            "a5b78e4b-c445-47a3-9121-4e3d1bec567a",
            "5374370d-92f4-4c82-ba75-71b3e01406aa"
          ],
          "failures": [],
          "pending": [],
          "skipped": [],
          "duration": 625,
          "root": false,
          "rootEmpty": false,
          "_timeout": 2000
        },
        {
          "uuid": "d08c3f9f-9754-4c4b-bb5e-3c495ff5a387",
          "title": "5 - Faça com que cada elemento do quadro de pixels possua 40 pixels de largura, 40 pixels de altura e seja delimitado por uma borda preta de 1 pixel.",
          "fullFile": "",
          "file": "",
          "beforeHooks": [],
          "afterHooks": [],
          "tests": [
            {
              "title": "Verifica se o quadro de pixels tem altura e comprimento de 5 elementos",
              "fullTitle": "5 - Faça com que cada elemento do quadro de pixels possua 40 pixels de largura, 40 pixels de altura e seja delimitado por uma borda preta de 1 pixel. Verifica se o quadro de pixels tem altura e comprimento de 5 elementos",
              "timedOut": null,
              "duration": 330,
              "state": "passed",
              "speed": "slow",
              "pass": true,
              "fail": false,
              "pending": false,
              "context": null,
              "code": "cy.get('.pixel').should('have.length', 25).each(function (pixel) {\n  expect(pixel).to.have.css('background-color', WHITE);\n}).and(function (pixels) {\n  var rows = chunk(pixels, 5);\n  rows.forEach(function (row) {\n    for (var index = 1; index < row.length; index += 1) {\n      var current = pixels[index];\n      var previous = pixels[index - 1];\n      cy.wrap(current).should('be.onTheRightOf', previous).and('be.horizontallyAlignedWith', previous);\n    }\n  });\n  for (var index = 1; index < 5; index += 1) {\n    expect(pixels[index * 5]).to.be.belowOf(pixels[(index - 1) * 5]);\n  }\n});",
              "err": {},
              "uuid": "32a98e24-f4c3-440e-9df4-edffb9024d6c",
              "parentUUID": "d08c3f9f-9754-4c4b-bb5e-3c495ff5a387",
              "isHook": false,
              "skipped": false
            },
            {
              "title": "Verifica se 40 pixels é o tamanho total do elemento, incluindo seu conteúdo e excluindo a borda preta, que deve ser criada à parte.",
              "fullTitle": "5 - Faça com que cada elemento do quadro de pixels possua 40 pixels de largura, 40 pixels de altura e seja delimitado por uma borda preta de 1 pixel. Verifica se 40 pixels é o tamanho total do elemento, incluindo seu conteúdo e excluindo a borda preta, que deve ser criada à parte.",
              "timedOut": null,
              "duration": 276,
              "state": "passed",
              "speed": "slow",
              "pass": true,
              "fail": false,
              "pending": false,
              "context": null,
              "code": "cy.get('.pixel').each(function (pixel) {\n  cy.wrap(pixel).should('have.css', 'height', '40px').and('have.css', 'width', '40px').and('have.css', 'border', \"1px solid \".concat(BLACK));\n});",
              "err": {},
              "uuid": "a808105a-dbf8-42a0-b876-4cf6a5fb75ff",
              "parentUUID": "d08c3f9f-9754-4c4b-bb5e-3c495ff5a387",
              "isHook": false,
              "skipped": false
            }
          ],
          "suites": [],
          "passes": [
            "32a98e24-f4c3-440e-9df4-edffb9024d6c",
            "a808105a-dbf8-42a0-b876-4cf6a5fb75ff"
          ],
          "failures": [],
          "pending": [],
          "skipped": [],
          "duration": 606,
          "root": false,
          "rootEmpty": false,
          "_timeout": 2000
        },
        {
          "uuid": "c97b29b5-95e5-4c08-8a79-80348d67c98f",
          "title": "6 - Defina a cor preta como cor inicial. Ao carregar a página a cor preta já deve estar selecionada para pintar os pixels",
          "fullFile": "",
          "file": "",
          "beforeHooks": [],
          "afterHooks": [],
          "tests": [
            {
              "title": "Verifica se o elemento da cor preta possui, inicialmente, a `classe` `selected`",
              "fullTitle": "6 - Defina a cor preta como cor inicial. Ao carregar a página a cor preta já deve estar selecionada para pintar os pixels Verifica se o elemento da cor preta possui, inicialmente, a `classe` `selected`",
              "timedOut": null,
              "duration": 100,
              "state": "passed",
              "speed": "slow",
              "pass": true,
              "fail": false,
              "pending": false,
              "context": null,
              "code": "cy.get('.selected').first().should('have.css', 'background-color', BLACK);",
              "err": {},
              "uuid": "a55e1ee2-ff15-47e6-bf09-4e06c561aaf6",
              "parentUUID": "c97b29b5-95e5-4c08-8a79-80348d67c98f",
              "isHook": false,
              "skipped": false
            },
            {
              "title": "Verifica se nenhuma outra cor da paleta tem a `classe` `selected`",
              "fullTitle": "6 - Defina a cor preta como cor inicial. Ao carregar a página a cor preta já deve estar selecionada para pintar os pixels Verifica se nenhuma outra cor da paleta tem a `classe` `selected`",
              "timedOut": null,
              "duration": 112,
              "state": "passed",
              "speed": "slow",
              "pass": true,
              "fail": false,
              "pending": false,
              "context": null,
              "code": "cy.get('.color:not(:first-child)').each(function (color) {\n  cy.wrap(color).should('not.have.class', 'selected');\n});",
              "err": {},
              "uuid": "b99056db-532a-4374-a228-493e8b0ecac7",
              "parentUUID": "c97b29b5-95e5-4c08-8a79-80348d67c98f",
              "isHook": false,
              "skipped": false
            }
          ],
          "suites": [],
          "passes": [
            "a55e1ee2-ff15-47e6-bf09-4e06c561aaf6",
            "b99056db-532a-4374-a228-493e8b0ecac7"
          ],
          "failures": [],
          "pending": [],
          "skipped": [],
          "duration": 212,
          "root": false,
          "rootEmpty": false,
          "_timeout": 2000
        },
        {
          "uuid": "59cb2364-d7af-4922-b9fa-b385472e4865",
          "title": "7 - Clicar em uma das cores da paleta, faz com que ela seja selecionada e utilizada para preencher os pixels no quadro.",
          "fullFile": "",
          "file": "",
          "beforeHooks": [],
          "afterHooks": [],
          "tests": [
            {
              "title": "Verifica se somente uma cor da paleta de cores tem a classe `selected` de cada vez",
              "fullTitle": "7 - Clicar em uma das cores da paleta, faz com que ela seja selecionada e utilizada para preencher os pixels no quadro. Verifica se somente uma cor da paleta de cores tem a classe `selected` de cada vez",
              "timedOut": null,
              "duration": 468,
              "state": "passed",
              "speed": "slow",
              "pass": true,
              "fail": false,
              "pending": false,
              "context": null,
              "code": "cy.get('.color').each(function (selectedColor, selectedColorIndex) {\n  cy.wrap(selectedColor).click();\n  cy.get('.color').each(function (color, colorIndex) {\n    if (colorIndex === selectedColorIndex) {\n      expect(color).to.have[\"class\"]('selected');\n    } else {\n      expect(color).not.to.have[\"class\"]('selected');\n    }\n  });\n});",
              "err": {},
              "uuid": "d190aa0f-c10a-41f2-b126-3aeb3219c4a6",
              "parentUUID": "59cb2364-d7af-4922-b9fa-b385472e4865",
              "isHook": false,
              "skipped": false
            },
            {
              "title": "Verifica se os pixels dentro do quadro não têm a classe `selected` quando são clicados",
              "fullTitle": "7 - Clicar em uma das cores da paleta, faz com que ela seja selecionada e utilizada para preencher os pixels no quadro. Verifica se os pixels dentro do quadro não têm a classe `selected` quando são clicados",
              "timedOut": null,
              "duration": 8661,
              "state": "passed",
              "speed": "slow",
              "pass": true,
              "fail": false,
              "pending": false,
              "context": null,
              "code": "cy.get('.color').each(function (color) {\n  var backgroundColor = color.css('background-color');\n  cy.wrap(color).click();\n  cy.get('.pixel').each(function (pixel) {\n    cy.wrap(pixel).click().should('not.have.class', 'selected');\n  });\n});",
              "err": {},
              "uuid": "5ecf1100-a585-4860-9874-c52c277b445c",
              "parentUUID": "59cb2364-d7af-4922-b9fa-b385472e4865",
              "isHook": false,
              "skipped": false
            }
          ],
          "suites": [],
          "passes": [
            "d190aa0f-c10a-41f2-b126-3aeb3219c4a6",
            "5ecf1100-a585-4860-9874-c52c277b445c"
          ],
          "failures": [],
          "pending": [],
          "skipped": [],
          "duration": 9129,
          "root": false,
          "rootEmpty": false,
          "_timeout": 2000
        },
        {
          "uuid": "c45cebb5-865c-4ba2-b92c-eb6370690769",
          "title": "8 - Clicar em um pixel dentro do quadro após selecionar uma cor na paleta, faz com que o pixel seja preenchido com a cor selecionada.",
          "fullFile": "",
          "file": "",
          "beforeHooks": [],
          "afterHooks": [],
          "tests": [
            {
              "title": "Verifica se ao carregar a página deve ser possível pintar os pixels de preto",
              "fullTitle": "8 - Clicar em um pixel dentro do quadro após selecionar uma cor na paleta, faz com que o pixel seja preenchido com a cor selecionada. Verifica se ao carregar a página deve ser possível pintar os pixels de preto",
              "timedOut": null,
              "duration": 4445,
              "state": "failed",
              "speed": null,
              "pass": false,
              "fail": true,
              "pending": false,
              "context": null,
              "code": "cy.get('.pixel').each(function (pixel) {\n  cy.wrap(pixel).click().should('have.css', 'background-color', BLACK);\n});",
              "err": {
                "message": "CypressError: Timed out retrying: expected '<div.pixel>' to have CSS property 'background-color' with the value 'rgb(0, 0, 0)', but the value was 'rgb(255, 255, 255)'",
                "estack": "CypressError: Timed out retrying: expected '<div.pixel>' to have CSS property 'background-color' with the value 'rgb(0, 0, 0)', but the value was 'rgb(255, 255, 255)'\n    at cypressErr (http://localhost:38855/__cypress/runner/cypress_runner.js:149934:9)\n    at throwErr (http://localhost:38855/__cypress/runner/cypress_runner.js:149867:11)\n    at Object.throwErrByPath (http://localhost:38855/__cypress/runner/cypress_runner.js:149915:3)\n    at retry (http://localhost:38855/__cypress/runner/cypress_runner.js:144197:19)\n    at onFailFn (http://localhost:38855/__cypress/runner/cypress_runner.js:132448:16)\n    at tryCatcher (http://localhost:38855/__cypress/runner/cypress_runner.js:167415:23)\n    at Promise._settlePromiseFromHandler (http://localhost:38855/__cypress/runner/cypress_runner.js:165351:31)\n    at Promise._settlePromise (http://localhost:38855/__cypress/runner/cypress_runner.js:165408:18)\n    at Promise._settlePromise0 (http://localhost:38855/__cypress/runner/cypress_runner.js:165453:10)\n    at Promise._settlePromises (http://localhost:38855/__cypress/runner/cypress_runner.js:165528:18)\n    at Async../node_modules/bluebird/js/release/async.js.Async._drainQueue (http://localhost:38855/__cypress/runner/cypress_runner.js:162140:16)\n    at Async../node_modules/bluebird/js/release/async.js.Async._drainQueues (http://localhost:38855/__cypress/runner/cypress_runner.js:162150:10)\n    at Async.drainQueues (http://localhost:38855/__cypress/runner/cypress_runner.js:162024:14)",
                "diff": null
              },
              "uuid": "f5c9be97-1c38-49db-96b0-981720be9e5b",
              "parentUUID": "c45cebb5-865c-4ba2-b92c-eb6370690769",
              "isHook": false,
              "skipped": false
            },
            {
              "title": "Verifica se após selecionar uma outra cor na paleta, é possível pintar os pixels com essa cor",
              "fullTitle": "8 - Clicar em um pixel dentro do quadro após selecionar uma cor na paleta, faz com que o pixel seja preenchido com a cor selecionada. Verifica se após selecionar uma outra cor na paleta, é possível pintar os pixels com essa cor",
              "timedOut": null,
              "duration": 4771,
              "state": "failed",
              "speed": null,
              "pass": false,
              "fail": true,
              "pending": false,
              "context": null,
              "code": "cy.get('.color').each(function (color) {\n  var backgroundColor = color.css('background-color');\n  cy.wrap(color).click();\n  cy.get('.pixel').each(function (pixel) {\n    cy.wrap(pixel).click().should('have.css', 'background-color', backgroundColor);\n  });\n});",
              "err": {
                "message": "CypressError: Timed out retrying: expected '<div.pixel>' to have CSS property 'background-color' with the value 'rgb(0, 0, 0)', but the value was 'rgb(255, 255, 255)'",
                "estack": "CypressError: Timed out retrying: expected '<div.pixel>' to have CSS property 'background-color' with the value 'rgb(0, 0, 0)', but the value was 'rgb(255, 255, 255)'\n    at cypressErr (http://localhost:38855/__cypress/runner/cypress_runner.js:149934:9)\n    at throwErr (http://localhost:38855/__cypress/runner/cypress_runner.js:149867:11)\n    at Object.throwErrByPath (http://localhost:38855/__cypress/runner/cypress_runner.js:149915:3)\n    at retry (http://localhost:38855/__cypress/runner/cypress_runner.js:144197:19)\n    at onFailFn (http://localhost:38855/__cypress/runner/cypress_runner.js:132448:16)\n    at tryCatcher (http://localhost:38855/__cypress/runner/cypress_runner.js:167415:23)\n    at Promise._settlePromiseFromHandler (http://localhost:38855/__cypress/runner/cypress_runner.js:165351:31)\n    at Promise._settlePromise (http://localhost:38855/__cypress/runner/cypress_runner.js:165408:18)\n    at Promise._settlePromise0 (http://localhost:38855/__cypress/runner/cypress_runner.js:165453:10)\n    at Promise._settlePromises (http://localhost:38855/__cypress/runner/cypress_runner.js:165528:18)\n    at Async../node_modules/bluebird/js/release/async.js.Async._drainQueue (http://localhost:38855/__cypress/runner/cypress_runner.js:162140:16)\n    at Async../node_modules/bluebird/js/release/async.js.Async._drainQueues (http://localhost:38855/__cypress/runner/cypress_runner.js:162150:10)\n    at Async.drainQueues (http://localhost:38855/__cypress/runner/cypress_runner.js:162024:14)",
                "diff": null
              },
              "uuid": "d54a1158-89f1-43d4-84c2-8c0c66f4c99d",
              "parentUUID": "c45cebb5-865c-4ba2-b92c-eb6370690769",
              "isHook": false,
              "skipped": false
            },
            {
              "title": "Verifica se somente o pixel que foi clicado foi preenchido com a cor selecionada, sem influenciar na cor dos demais pixels.",
              "fullTitle": "8 - Clicar em um pixel dentro do quadro após selecionar uma cor na paleta, faz com que o pixel seja preenchido com a cor selecionada. Verifica se somente o pixel que foi clicado foi preenchido com a cor selecionada, sem influenciar na cor dos demais pixels.",
              "timedOut": null,
              "duration": 1578,
              "state": "passed",
              "speed": "slow",
              "pass": true,
              "fail": false,
              "pending": false,
              "context": null,
              "code": "var colorToPixelIndexMap = {\n  0: 6,\n  1: 8,\n  2: 16,\n  3: 18\n};\ncy.get('.color').each(function (color, index) {\n  cy.wrap(color).click();\n  var backgroundColor = color.css('background-color');\n  var clickedPixelIndex = colorToPixelIndexMap[index];\n  cy.get('.pixel').eq(clickedPixelIndex).click();\n  cy.get('.pixel').eq(clickedPixelIndex - 1).should('not.have.css', 'background-color', backgroundColor);\n  cy.get('.pixel').eq(clickedPixelIndex + 1).should('not.have.css', 'background-color', backgroundColor);\n  cy.get('.pixel').eq(clickedPixelIndex - 5).should('not.have.css', 'background-color', backgroundColor);\n  cy.get('.pixel').eq(clickedPixelIndex + 5).should('not.have.css', 'background-color', backgroundColor);\n  cy.get('.pixel').eq(clickedPixelIndex - 6).should('not.have.css', 'background-color', backgroundColor);\n  cy.get('.pixel').eq(clickedPixelIndex - 4).should('not.have.css', 'background-color', backgroundColor);\n  cy.get('.pixel').eq(clickedPixelIndex + 4).should('not.have.css', 'background-color', backgroundColor);\n  cy.get('.pixel').eq(clickedPixelIndex + 6).should('not.have.css', 'background-color', backgroundColor);\n});",
              "err": {},
              "uuid": "b5082483-5901-4fa0-ad8e-c56c1496db35",
              "parentUUID": "c45cebb5-865c-4ba2-b92c-eb6370690769",
              "isHook": false,
              "skipped": false
            }
          ],
          "suites": [],
          "passes": [
            "b5082483-5901-4fa0-ad8e-c56c1496db35"
          ],
          "failures": [
            "f5c9be97-1c38-49db-96b0-981720be9e5b",
            "d54a1158-89f1-43d4-84c2-8c0c66f4c99d"
          ],
          "pending": [],
          "skipped": [],
          "duration": 10794,
          "root": false,
          "rootEmpty": false,
          "_timeout": 2000
        },
        {
          "uuid": "2f60b156-84e8-41e8-babd-d3fe19abfe2a",
          "title": "9 - Crie um botão que, ao ser clicado, limpa o quadro preenchendo a cor de todos seus pixels com branco.",
          "fullFile": "",
          "file": "",
          "beforeHooks": [],
          "afterHooks": [],
          "tests": [
            {
              "title": "Verifica se o botão tem o `id` denominado `clear-board`",
              "fullTitle": "9 - Crie um botão que, ao ser clicado, limpa o quadro preenchendo a cor de todos seus pixels com branco. Verifica se o botão tem o `id` denominado `clear-board`",
              "timedOut": null,
              "duration": 4393,
              "state": "failed",
              "speed": null,
              "pass": false,
              "fail": true,
              "pending": false,
              "context": null,
              "code": "cy.get('#clear-board').should('be.visible');",
              "err": {
                "message": "CypressError: Timed out retrying: Expected to find element: '#clear-board', but never found it.",
                "estack": "CypressError: Timed out retrying: Expected to find element: '#clear-board', but never found it.\n    at cypressErr (http://localhost:38855/__cypress/runner/cypress_runner.js:149934:9)\n    at throwErr (http://localhost:38855/__cypress/runner/cypress_runner.js:149867:11)\n    at Object.throwErrByPath (http://localhost:38855/__cypress/runner/cypress_runner.js:149915:3)\n    at retry (http://localhost:38855/__cypress/runner/cypress_runner.js:144197:19)\n    at onFailFn (http://localhost:38855/__cypress/runner/cypress_runner.js:132448:16)\n    at tryCatcher (http://localhost:38855/__cypress/runner/cypress_runner.js:167415:23)\n    at Promise._settlePromiseFromHandler (http://localhost:38855/__cypress/runner/cypress_runner.js:165351:31)\n    at Promise._settlePromise (http://localhost:38855/__cypress/runner/cypress_runner.js:165408:18)\n    at Promise._settlePromise0 (http://localhost:38855/__cypress/runner/cypress_runner.js:165453:10)\n    at Promise._settlePromises (http://localhost:38855/__cypress/runner/cypress_runner.js:165528:18)\n    at Async../node_modules/bluebird/js/release/async.js.Async._drainQueue (http://localhost:38855/__cypress/runner/cypress_runner.js:162140:16)\n    at Async../node_modules/bluebird/js/release/async.js.Async._drainQueues (http://localhost:38855/__cypress/runner/cypress_runner.js:162150:10)\n    at Async.drainQueues (http://localhost:38855/__cypress/runner/cypress_runner.js:162024:14)",
                "diff": null
              },
              "uuid": "d719d1a8-27f7-4e30-93ad-419bb87df0b8",
              "parentUUID": "2f60b156-84e8-41e8-babd-d3fe19abfe2a",
              "isHook": false,
              "skipped": false
            },
            {
              "title": "Verifica se o botão está posicionado entre a paleta de cores e o quadro de pixels",
              "fullTitle": "9 - Crie um botão que, ao ser clicado, limpa o quadro preenchendo a cor de todos seus pixels com branco. Verifica se o botão está posicionado entre a paleta de cores e o quadro de pixels",
              "timedOut": null,
              "duration": 4430,
              "state": "failed",
              "speed": null,
              "pass": false,
              "fail": true,
              "pending": false,
              "context": null,
              "code": "cy.get('#color-palette').then(function (palette) {\n  cy.get('#clear-board').should('be.belowOf', palette);\n});\ncy.get('#clear-board').then(function (clearBtn) {\n  cy.get('#pixel-board').should('be.belowOf', clearBtn);\n});",
              "err": {
                "message": "CypressError: Timed out retrying: Expected to find element: '#clear-board', but never found it.",
                "estack": "CypressError: Timed out retrying: Expected to find element: '#clear-board', but never found it.\n    at cypressErr (http://localhost:38855/__cypress/runner/cypress_runner.js:149934:9)\n    at throwErr (http://localhost:38855/__cypress/runner/cypress_runner.js:149867:11)\n    at Object.throwErrByPath (http://localhost:38855/__cypress/runner/cypress_runner.js:149915:3)\n    at retry (http://localhost:38855/__cypress/runner/cypress_runner.js:144197:19)\n    at onFailFn (http://localhost:38855/__cypress/runner/cypress_runner.js:132448:16)\n    at tryCatcher (http://localhost:38855/__cypress/runner/cypress_runner.js:167415:23)\n    at Promise._settlePromiseFromHandler (http://localhost:38855/__cypress/runner/cypress_runner.js:165351:31)\n    at Promise._settlePromise (http://localhost:38855/__cypress/runner/cypress_runner.js:165408:18)\n    at Promise._settlePromise0 (http://localhost:38855/__cypress/runner/cypress_runner.js:165453:10)\n    at Promise._settlePromises (http://localhost:38855/__cypress/runner/cypress_runner.js:165528:18)\n    at Async../node_modules/bluebird/js/release/async.js.Async._drainQueue (http://localhost:38855/__cypress/runner/cypress_runner.js:162140:16)\n    at Async../node_modules/bluebird/js/release/async.js.Async._drainQueues (http://localhost:38855/__cypress/runner/cypress_runner.js:162150:10)\n    at Async.drainQueues (http://localhost:38855/__cypress/runner/cypress_runner.js:162024:14)",
                "diff": null
              },
              "uuid": "7c630f1f-66cd-40a9-bea7-7c992335ff15",
              "parentUUID": "2f60b156-84e8-41e8-babd-d3fe19abfe2a",
              "isHook": false,
              "skipped": false
            },
            {
              "title": "Verifica se o texto do botão é 'Limpar'",
              "fullTitle": "9 - Crie um botão que, ao ser clicado, limpa o quadro preenchendo a cor de todos seus pixels com branco. Verifica se o texto do botão é 'Limpar'",
              "timedOut": null,
              "duration": 4338,
              "state": "failed",
              "speed": null,
              "pass": false,
              "fail": true,
              "pending": false,
              "context": null,
              "code": "cy.get('#clear-board').should('contain.text', 'Limpar');",
              "err": {
                "message": "CypressError: Timed out retrying: Expected to find element: '#clear-board', but never found it.",
                "estack": "CypressError: Timed out retrying: Expected to find element: '#clear-board', but never found it.\n    at cypressErr (http://localhost:38855/__cypress/runner/cypress_runner.js:149934:9)\n    at throwErr (http://localhost:38855/__cypress/runner/cypress_runner.js:149867:11)\n    at Object.throwErrByPath (http://localhost:38855/__cypress/runner/cypress_runner.js:149915:3)\n    at retry (http://localhost:38855/__cypress/runner/cypress_runner.js:144197:19)\n    at onFailFn (http://localhost:38855/__cypress/runner/cypress_runner.js:132448:16)\n    at tryCatcher (http://localhost:38855/__cypress/runner/cypress_runner.js:167415:23)\n    at Promise._settlePromiseFromHandler (http://localhost:38855/__cypress/runner/cypress_runner.js:165351:31)\n    at Promise._settlePromise (http://localhost:38855/__cypress/runner/cypress_runner.js:165408:18)\n    at Promise._settlePromise0 (http://localhost:38855/__cypress/runner/cypress_runner.js:165453:10)\n    at Promise._settlePromises (http://localhost:38855/__cypress/runner/cypress_runner.js:165528:18)\n    at Async../node_modules/bluebird/js/release/async.js.Async._drainQueue (http://localhost:38855/__cypress/runner/cypress_runner.js:162140:16)\n    at Async../node_modules/bluebird/js/release/async.js.Async._drainQueues (http://localhost:38855/__cypress/runner/cypress_runner.js:162150:10)\n    at Async.drainQueues (http://localhost:38855/__cypress/runner/cypress_runner.js:162024:14)",
                "diff": null
              },
              "uuid": "efa416cf-4fd5-48d7-aea9-9dccfcd12d67",
              "parentUUID": "2f60b156-84e8-41e8-babd-d3fe19abfe2a",
              "isHook": false,
              "skipped": false
            },
            {
              "title": "Verifica se ao clicar no botão, o quadro de pixels é totalmente preenchido de branco",
              "fullTitle": "9 - Crie um botão que, ao ser clicado, limpa o quadro preenchendo a cor de todos seus pixels com branco. Verifica se ao clicar no botão, o quadro de pixels é totalmente preenchido de branco",
              "timedOut": null,
              "duration": 4556,
              "state": "failed",
              "speed": null,
              "pass": false,
              "fail": true,
              "pending": false,
              "context": null,
              "code": "cy.get('.color').eq(1).then(function (color) {\n  var backgroundColor = color.css('background-color');\n  cy.wrap(color).click();\n  cy.get('.pixel').each(function (pixel) {\n    cy.wrap(pixel).click().should('have.css', 'background-color', backgroundColor);\n  });\n});\ncy.get('#clear-board').click();\ncy.get('.pixel').each(function (pixel) {\n  cy.wrap(pixel).should('have.css', 'background-color', WHITE);\n});",
              "err": {
                "message": "CypressError: Timed out retrying: expected '<div.pixel>' to have CSS property 'background-color' with the value 'rgb(39, 226, 164)', but the value was 'rgb(255, 255, 255)'",
                "estack": "CypressError: Timed out retrying: expected '<div.pixel>' to have CSS property 'background-color' with the value 'rgb(39, 226, 164)', but the value was 'rgb(255, 255, 255)'\n    at cypressErr (http://localhost:38855/__cypress/runner/cypress_runner.js:149934:9)\n    at throwErr (http://localhost:38855/__cypress/runner/cypress_runner.js:149867:11)\n    at Object.throwErrByPath (http://localhost:38855/__cypress/runner/cypress_runner.js:149915:3)\n    at retry (http://localhost:38855/__cypress/runner/cypress_runner.js:144197:19)\n    at onFailFn (http://localhost:38855/__cypress/runner/cypress_runner.js:132448:16)\n    at tryCatcher (http://localhost:38855/__cypress/runner/cypress_runner.js:167415:23)\n    at Promise._settlePromiseFromHandler (http://localhost:38855/__cypress/runner/cypress_runner.js:165351:31)\n    at Promise._settlePromise (http://localhost:38855/__cypress/runner/cypress_runner.js:165408:18)\n    at Promise._settlePromise0 (http://localhost:38855/__cypress/runner/cypress_runner.js:165453:10)\n    at Promise._settlePromises (http://localhost:38855/__cypress/runner/cypress_runner.js:165528:18)\n    at Async../node_modules/bluebird/js/release/async.js.Async._drainQueue (http://localhost:38855/__cypress/runner/cypress_runner.js:162140:16)\n    at Async../node_modules/bluebird/js/release/async.js.Async._drainQueues (http://localhost:38855/__cypress/runner/cypress_runner.js:162150:10)\n    at Async.drainQueues (http://localhost:38855/__cypress/runner/cypress_runner.js:162024:14)",
                "diff": null
              },
              "uuid": "f34d0a17-0831-42ba-9d2c-acf9b879d791",
              "parentUUID": "2f60b156-84e8-41e8-babd-d3fe19abfe2a",
              "isHook": false,
              "skipped": false
            }
          ],
          "suites": [],
          "passes": [],
          "failures": [
            "d719d1a8-27f7-4e30-93ad-419bb87df0b8",
            "7c630f1f-66cd-40a9-bea7-7c992335ff15",
            "efa416cf-4fd5-48d7-aea9-9dccfcd12d67",
            "f34d0a17-0831-42ba-9d2c-acf9b879d791"
          ],
          "pending": [],
          "skipped": [],
          "duration": 17717,
          "root": false,
          "rootEmpty": false,
          "_timeout": 2000
        },
        {
          "uuid": "78a756d6-6eef-4d65-b79f-cf680e22c20e",
          "title": "10 - Faça o quadro de pixels ter seu tamanho definido pelo usuário.",
          "fullFile": "",
          "file": "",
          "beforeHooks": [],
          "afterHooks": [],
          "tests": [
            {
              "title": "Verifica se existe um input com o id `board-size`",
              "fullTitle": "10 - Faça o quadro de pixels ter seu tamanho definido pelo usuário. Verifica se existe um input com o id `board-size`",
              "timedOut": null,
              "duration": 4419,
              "state": "failed",
              "speed": null,
              "pass": false,
              "fail": true,
              "pending": false,
              "context": null,
              "code": "cy.get('#board-size').should('be.visible');",
              "err": {
                "message": "CypressError: Timed out retrying: Expected to find element: '#board-size', but never found it.",
                "estack": "CypressError: Timed out retrying: Expected to find element: '#board-size', but never found it.\n    at cypressErr (http://localhost:38855/__cypress/runner/cypress_runner.js:149934:9)\n    at throwErr (http://localhost:38855/__cypress/runner/cypress_runner.js:149867:11)\n    at Object.throwErrByPath (http://localhost:38855/__cypress/runner/cypress_runner.js:149915:3)\n    at retry (http://localhost:38855/__cypress/runner/cypress_runner.js:144197:19)\n    at onFailFn (http://localhost:38855/__cypress/runner/cypress_runner.js:132448:16)\n    at tryCatcher (http://localhost:38855/__cypress/runner/cypress_runner.js:167415:23)\n    at Promise._settlePromiseFromHandler (http://localhost:38855/__cypress/runner/cypress_runner.js:165351:31)\n    at Promise._settlePromise (http://localhost:38855/__cypress/runner/cypress_runner.js:165408:18)\n    at Promise._settlePromise0 (http://localhost:38855/__cypress/runner/cypress_runner.js:165453:10)\n    at Promise._settlePromises (http://localhost:38855/__cypress/runner/cypress_runner.js:165528:18)\n    at Async../node_modules/bluebird/js/release/async.js.Async._drainQueue (http://localhost:38855/__cypress/runner/cypress_runner.js:162140:16)\n    at Async../node_modules/bluebird/js/release/async.js.Async._drainQueues (http://localhost:38855/__cypress/runner/cypress_runner.js:162150:10)\n    at Async.drainQueues (http://localhost:38855/__cypress/runner/cypress_runner.js:162024:14)",
                "diff": null
              },
              "uuid": "564a4663-886f-417d-9a49-fa3882b0208f",
              "parentUUID": "78a756d6-6eef-4d65-b79f-cf680e22c20e",
              "isHook": false,
              "skipped": false
            },
            {
              "title": "Verifica se existe um botão com o id `generate-board`",
              "fullTitle": "10 - Faça o quadro de pixels ter seu tamanho definido pelo usuário. Verifica se existe um botão com o id `generate-board`",
              "timedOut": null,
              "duration": 4400,
              "state": "failed",
              "speed": null,
              "pass": false,
              "fail": true,
              "pending": false,
              "context": null,
              "code": "cy.get('#generate-board').should('be.visible');",
              "err": {
                "message": "CypressError: Timed out retrying: Expected to find element: '#generate-board', but never found it.",
                "estack": "CypressError: Timed out retrying: Expected to find element: '#generate-board', but never found it.\n    at cypressErr (http://localhost:38855/__cypress/runner/cypress_runner.js:149934:9)\n    at throwErr (http://localhost:38855/__cypress/runner/cypress_runner.js:149867:11)\n    at Object.throwErrByPath (http://localhost:38855/__cypress/runner/cypress_runner.js:149915:3)\n    at retry (http://localhost:38855/__cypress/runner/cypress_runner.js:144197:19)\n    at onFailFn (http://localhost:38855/__cypress/runner/cypress_runner.js:132448:16)\n    at tryCatcher (http://localhost:38855/__cypress/runner/cypress_runner.js:167415:23)\n    at Promise._settlePromiseFromHandler (http://localhost:38855/__cypress/runner/cypress_runner.js:165351:31)\n    at Promise._settlePromise (http://localhost:38855/__cypress/runner/cypress_runner.js:165408:18)\n    at Promise._settlePromise0 (http://localhost:38855/__cypress/runner/cypress_runner.js:165453:10)\n    at Promise._settlePromises (http://localhost:38855/__cypress/runner/cypress_runner.js:165528:18)\n    at Async../node_modules/bluebird/js/release/async.js.Async._drainQueue (http://localhost:38855/__cypress/runner/cypress_runner.js:162140:16)\n    at Async../node_modules/bluebird/js/release/async.js.Async._drainQueues (http://localhost:38855/__cypress/runner/cypress_runner.js:162150:10)\n    at Async.drainQueues (http://localhost:38855/__cypress/runner/cypress_runner.js:162024:14)",
                "diff": null
              },
              "uuid": "b512cff1-5326-4b7a-a8c6-d0878522a0f1",
              "parentUUID": "78a756d6-6eef-4d65-b79f-cf680e22c20e",
              "isHook": false,
              "skipped": false
            },
            {
              "title": "Verifica se o input só aceita número maiores que zero. Essa restrição deve ser feita usando os atributos do elemento `input`",
              "fullTitle": "10 - Faça o quadro de pixels ter seu tamanho definido pelo usuário. Verifica se o input só aceita número maiores que zero. Essa restrição deve ser feita usando os atributos do elemento `input`",
              "timedOut": null,
              "duration": 4382,
              "state": "failed",
              "speed": null,
              "pass": false,
              "fail": true,
              "pending": false,
              "context": null,
              "code": "cy.get('#board-size[type=\\'number\\'][min=\\'1\\']');",
              "err": {
                "message": "CypressError: Timed out retrying: Expected to find element: '#board-size[type='number'][min='1']', but never found it.",
                "estack": "CypressError: Timed out retrying: Expected to find element: '#board-size[type='number'][min='1']', but never found it.\n    at cypressErr (http://localhost:38855/__cypress/runner/cypress_runner.js:149934:9)\n    at throwErr (http://localhost:38855/__cypress/runner/cypress_runner.js:149867:11)\n    at Object.throwErrByPath (http://localhost:38855/__cypress/runner/cypress_runner.js:149915:3)\n    at retry (http://localhost:38855/__cypress/runner/cypress_runner.js:144197:19)\n    at onFailFn (http://localhost:38855/__cypress/runner/cypress_runner.js:132448:16)\n    at tryCatcher (http://localhost:38855/__cypress/runner/cypress_runner.js:167415:23)\n    at Promise._settlePromiseFromHandler (http://localhost:38855/__cypress/runner/cypress_runner.js:165351:31)\n    at Promise._settlePromise (http://localhost:38855/__cypress/runner/cypress_runner.js:165408:18)\n    at Promise._settlePromise0 (http://localhost:38855/__cypress/runner/cypress_runner.js:165453:10)\n    at Promise._settlePromises (http://localhost:38855/__cypress/runner/cypress_runner.js:165528:18)\n    at Async../node_modules/bluebird/js/release/async.js.Async._drainQueue (http://localhost:38855/__cypress/runner/cypress_runner.js:162140:16)\n    at Async../node_modules/bluebird/js/release/async.js.Async._drainQueues (http://localhost:38855/__cypress/runner/cypress_runner.js:162150:10)\n    at Async.drainQueues (http://localhost:38855/__cypress/runner/cypress_runner.js:162024:14)",
                "diff": null
              },
              "uuid": "7db70691-b06c-4d74-9ebc-059988398672",
              "parentUUID": "78a756d6-6eef-4d65-b79f-cf680e22c20e",
              "isHook": false,
              "skipped": false
            },
            {
              "title": "Verifica se o botão contém o texto 'VQV'",
              "fullTitle": "10 - Faça o quadro de pixels ter seu tamanho definido pelo usuário. Verifica se o botão contém o texto 'VQV'",
              "timedOut": null,
              "duration": 4353,
              "state": "failed",
              "speed": null,
              "pass": false,
              "fail": true,
              "pending": false,
              "context": null,
              "code": "cy.get('#generate-board').contains(/vqv/i);",
              "err": {
                "message": "CypressError: Timed out retrying: Expected to find element: '#generate-board', but never found it.",
                "estack": "CypressError: Timed out retrying: Expected to find element: '#generate-board', but never found it.\n    at cypressErr (http://localhost:38855/__cypress/runner/cypress_runner.js:149934:9)\n    at throwErr (http://localhost:38855/__cypress/runner/cypress_runner.js:149867:11)\n    at Object.throwErrByPath (http://localhost:38855/__cypress/runner/cypress_runner.js:149915:3)\n    at retry (http://localhost:38855/__cypress/runner/cypress_runner.js:144197:19)\n    at onFailFn (http://localhost:38855/__cypress/runner/cypress_runner.js:132448:16)\n    at tryCatcher (http://localhost:38855/__cypress/runner/cypress_runner.js:167415:23)\n    at Promise._settlePromiseFromHandler (http://localhost:38855/__cypress/runner/cypress_runner.js:165351:31)\n    at Promise._settlePromise (http://localhost:38855/__cypress/runner/cypress_runner.js:165408:18)\n    at Promise._settlePromise0 (http://localhost:38855/__cypress/runner/cypress_runner.js:165453:10)\n    at Promise._settlePromises (http://localhost:38855/__cypress/runner/cypress_runner.js:165528:18)\n    at Async../node_modules/bluebird/js/release/async.js.Async._drainQueue (http://localhost:38855/__cypress/runner/cypress_runner.js:162140:16)\n    at Async../node_modules/bluebird/js/release/async.js.Async._drainQueues (http://localhost:38855/__cypress/runner/cypress_runner.js:162150:10)\n    at Async.drainQueues (http://localhost:38855/__cypress/runner/cypress_runner.js:162024:14)",
                "diff": null
              },
              "uuid": "32766ede-bfab-4e50-add5-fe4260038ae8",
              "parentUUID": "78a756d6-6eef-4d65-b79f-cf680e22c20e",
              "isHook": false,
              "skipped": false
            },
            {
              "title": "Verifica se o input está posicionado entre a paleta de cores e o quadro de pixels",
              "fullTitle": "10 - Faça o quadro de pixels ter seu tamanho definido pelo usuário. Verifica se o input está posicionado entre a paleta de cores e o quadro de pixels",
              "timedOut": null,
              "duration": 4548,
              "state": "failed",
              "speed": null,
              "pass": false,
              "fail": true,
              "pending": false,
              "context": null,
              "code": "cy.get('#color-palette').then(function (palette) {\n  cy.get('#board-size').should('be.belowOf', palette);\n});\ncy.get('#board-size').then(function (palette) {\n  cy.get('#pixel-board').should('be.belowOf', palette);\n});",
              "err": {
                "message": "CypressError: Timed out retrying: Expected to find element: '#board-size', but never found it.",
                "estack": "CypressError: Timed out retrying: Expected to find element: '#board-size', but never found it.\n    at cypressErr (http://localhost:38855/__cypress/runner/cypress_runner.js:149934:9)\n    at throwErr (http://localhost:38855/__cypress/runner/cypress_runner.js:149867:11)\n    at Object.throwErrByPath (http://localhost:38855/__cypress/runner/cypress_runner.js:149915:3)\n    at retry (http://localhost:38855/__cypress/runner/cypress_runner.js:144197:19)\n    at onFailFn (http://localhost:38855/__cypress/runner/cypress_runner.js:132448:16)\n    at tryCatcher (http://localhost:38855/__cypress/runner/cypress_runner.js:167415:23)\n    at Promise._settlePromiseFromHandler (http://localhost:38855/__cypress/runner/cypress_runner.js:165351:31)\n    at Promise._settlePromise (http://localhost:38855/__cypress/runner/cypress_runner.js:165408:18)\n    at Promise._settlePromise0 (http://localhost:38855/__cypress/runner/cypress_runner.js:165453:10)\n    at Promise._settlePromises (http://localhost:38855/__cypress/runner/cypress_runner.js:165528:18)\n    at Async../node_modules/bluebird/js/release/async.js.Async._drainQueue (http://localhost:38855/__cypress/runner/cypress_runner.js:162140:16)\n    at Async../node_modules/bluebird/js/release/async.js.Async._drainQueues (http://localhost:38855/__cypress/runner/cypress_runner.js:162150:10)\n    at Async.drainQueues (http://localhost:38855/__cypress/runner/cypress_runner.js:162024:14)",
                "diff": null
              },
              "uuid": "3a31ebe9-73c2-4983-bf83-7e6b3c911254",
              "parentUUID": "78a756d6-6eef-4d65-b79f-cf680e22c20e",
              "isHook": false,
              "skipped": false
            },
            {
              "title": "Verifica se o botão está posicionado ao lado do input",
              "fullTitle": "10 - Faça o quadro de pixels ter seu tamanho definido pelo usuário. Verifica se o botão está posicionado ao lado do input",
              "timedOut": null,
              "duration": 4497,
              "state": "failed",
              "speed": null,
              "pass": false,
              "fail": true,
              "pending": false,
              "context": null,
              "code": "cy.get('#board-size').then(function (board) {\n  cy.get('#generate-board').should('be.onTheRightOf', board);\n});",
              "err": {
                "message": "CypressError: Timed out retrying: Expected to find element: '#board-size', but never found it.",
                "estack": "CypressError: Timed out retrying: Expected to find element: '#board-size', but never found it.\n    at cypressErr (http://localhost:38855/__cypress/runner/cypress_runner.js:149934:9)\n    at throwErr (http://localhost:38855/__cypress/runner/cypress_runner.js:149867:11)\n    at Object.throwErrByPath (http://localhost:38855/__cypress/runner/cypress_runner.js:149915:3)\n    at retry (http://localhost:38855/__cypress/runner/cypress_runner.js:144197:19)\n    at onFailFn (http://localhost:38855/__cypress/runner/cypress_runner.js:132448:16)\n    at tryCatcher (http://localhost:38855/__cypress/runner/cypress_runner.js:167415:23)\n    at Promise._settlePromiseFromHandler (http://localhost:38855/__cypress/runner/cypress_runner.js:165351:31)\n    at Promise._settlePromise (http://localhost:38855/__cypress/runner/cypress_runner.js:165408:18)\n    at Promise._settlePromise0 (http://localhost:38855/__cypress/runner/cypress_runner.js:165453:10)\n    at Promise._settlePromises (http://localhost:38855/__cypress/runner/cypress_runner.js:165528:18)\n    at Async../node_modules/bluebird/js/release/async.js.Async._drainQueue (http://localhost:38855/__cypress/runner/cypress_runner.js:162140:16)\n    at Async../node_modules/bluebird/js/release/async.js.Async._drainQueues (http://localhost:38855/__cypress/runner/cypress_runner.js:162150:10)\n    at Async.drainQueues (http://localhost:38855/__cypress/runner/cypress_runner.js:162024:14)",
                "diff": null
              },
              "uuid": "1260ea49-16cc-43f6-bc62-ad322bf197f9",
              "parentUUID": "78a756d6-6eef-4d65-b79f-cf680e22c20e",
              "isHook": false,
              "skipped": false
            },
            {
              "title": "Verifica se nenhum valor for colocado no input ao clicar no botão, um `alert` é exibido com o texto: 'Board inválido!'",
              "fullTitle": "10 - Faça o quadro de pixels ter seu tamanho definido pelo usuário. Verifica se nenhum valor for colocado no input ao clicar no botão, um `alert` é exibido com o texto: 'Board inválido!'",
              "timedOut": null,
              "duration": 4375,
              "state": "failed",
              "speed": null,
              "pass": false,
              "fail": true,
              "pending": false,
              "context": null,
              "code": "var alerted = false;\ncy.on('window:alert', function (msg) {\n  return alerted = msg;\n});\ncy.get('#generate-board').click().then(function () {\n  return expect(alerted).to.match(/Board inválido!/i);\n});",
              "err": {
                "message": "CypressError: Timed out retrying: Expected to find element: '#generate-board', but never found it.",
                "estack": "CypressError: Timed out retrying: Expected to find element: '#generate-board', but never found it.\n    at cypressErr (http://localhost:38855/__cypress/runner/cypress_runner.js:149934:9)\n    at throwErr (http://localhost:38855/__cypress/runner/cypress_runner.js:149867:11)\n    at Object.throwErrByPath (http://localhost:38855/__cypress/runner/cypress_runner.js:149915:3)\n    at retry (http://localhost:38855/__cypress/runner/cypress_runner.js:144197:19)\n    at onFailFn (http://localhost:38855/__cypress/runner/cypress_runner.js:132448:16)\n    at tryCatcher (http://localhost:38855/__cypress/runner/cypress_runner.js:167415:23)\n    at Promise._settlePromiseFromHandler (http://localhost:38855/__cypress/runner/cypress_runner.js:165351:31)\n    at Promise._settlePromise (http://localhost:38855/__cypress/runner/cypress_runner.js:165408:18)\n    at Promise._settlePromise0 (http://localhost:38855/__cypress/runner/cypress_runner.js:165453:10)\n    at Promise._settlePromises (http://localhost:38855/__cypress/runner/cypress_runner.js:165528:18)\n    at Async../node_modules/bluebird/js/release/async.js.Async._drainQueue (http://localhost:38855/__cypress/runner/cypress_runner.js:162140:16)\n    at Async../node_modules/bluebird/js/release/async.js.Async._drainQueues (http://localhost:38855/__cypress/runner/cypress_runner.js:162150:10)\n    at Async.drainQueues (http://localhost:38855/__cypress/runner/cypress_runner.js:162024:14)",
                "diff": null
              },
              "uuid": "46c7ea7d-8708-41a2-a559-73f8508f730a",
              "parentUUID": "78a756d6-6eef-4d65-b79f-cf680e22c20e",
              "isHook": false,
              "skipped": false
            },
            {
              "title": "Verifica se ao clicar no botão com um valor preenchido, o tamanho do board muda.",
              "fullTitle": "10 - Faça o quadro de pixels ter seu tamanho definido pelo usuário. Verifica se ao clicar no botão com um valor preenchido, o tamanho do board muda.",
              "timedOut": null,
              "duration": 4446,
              "state": "failed",
              "speed": null,
              "pass": false,
              "fail": true,
              "pending": false,
              "context": null,
              "code": "cy.get('#board-size').clear().type(10);\ncy.get('#generate-board').click();\ncy.get('.pixel').should('have.length', 100);",
              "err": {
                "message": "CypressError: Timed out retrying: Expected to find element: '#board-size', but never found it.",
                "estack": "CypressError: Timed out retrying: Expected to find element: '#board-size', but never found it.\n    at cypressErr (http://localhost:38855/__cypress/runner/cypress_runner.js:149934:9)\n    at throwErr (http://localhost:38855/__cypress/runner/cypress_runner.js:149867:11)\n    at Object.throwErrByPath (http://localhost:38855/__cypress/runner/cypress_runner.js:149915:3)\n    at retry (http://localhost:38855/__cypress/runner/cypress_runner.js:144197:19)\n    at onFailFn (http://localhost:38855/__cypress/runner/cypress_runner.js:132448:16)\n    at tryCatcher (http://localhost:38855/__cypress/runner/cypress_runner.js:167415:23)\n    at Promise._settlePromiseFromHandler (http://localhost:38855/__cypress/runner/cypress_runner.js:165351:31)\n    at Promise._settlePromise (http://localhost:38855/__cypress/runner/cypress_runner.js:165408:18)\n    at Promise._settlePromise0 (http://localhost:38855/__cypress/runner/cypress_runner.js:165453:10)\n    at Promise._settlePromises (http://localhost:38855/__cypress/runner/cypress_runner.js:165528:18)\n    at Async../node_modules/bluebird/js/release/async.js.Async._drainQueue (http://localhost:38855/__cypress/runner/cypress_runner.js:162140:16)\n    at Async../node_modules/bluebird/js/release/async.js.Async._drainQueues (http://localhost:38855/__cypress/runner/cypress_runner.js:162150:10)\n    at Async.drainQueues (http://localhost:38855/__cypress/runner/cypress_runner.js:162024:14)",
                "diff": null
              },
              "uuid": "f161978d-dc74-425b-8194-1d7e29acfbe4",
              "parentUUID": "78a756d6-6eef-4d65-b79f-cf680e22c20e",
              "isHook": false,
              "skipped": false
            },
            {
              "title": "Verifica se o novo quadro tem todos os pixels preenchidos com a cor branca",
              "fullTitle": "10 - Faça o quadro de pixels ter seu tamanho definido pelo usuário. Verifica se o novo quadro tem todos os pixels preenchidos com a cor branca",
              "timedOut": null,
              "duration": 4365,
              "state": "failed",
              "speed": null,
              "pass": false,
              "fail": true,
              "pending": false,
              "context": null,
              "code": "cy.get('#board-size').clear().type(6);\ncy.get('#generate-board').click();\ncy.get('.pixel').should('have.length', 36).each(function (pixel) {\n  expect(pixel).to.have.css('background-color', WHITE);\n});",
              "err": {
                "message": "CypressError: Timed out retrying: Expected to find element: '#board-size', but never found it.",
                "estack": "CypressError: Timed out retrying: Expected to find element: '#board-size', but never found it.\n    at cypressErr (http://localhost:38855/__cypress/runner/cypress_runner.js:149934:9)\n    at throwErr (http://localhost:38855/__cypress/runner/cypress_runner.js:149867:11)\n    at Object.throwErrByPath (http://localhost:38855/__cypress/runner/cypress_runner.js:149915:3)\n    at retry (http://localhost:38855/__cypress/runner/cypress_runner.js:144197:19)\n    at onFailFn (http://localhost:38855/__cypress/runner/cypress_runner.js:132448:16)\n    at tryCatcher (http://localhost:38855/__cypress/runner/cypress_runner.js:167415:23)\n    at Promise._settlePromiseFromHandler (http://localhost:38855/__cypress/runner/cypress_runner.js:165351:31)\n    at Promise._settlePromise (http://localhost:38855/__cypress/runner/cypress_runner.js:165408:18)\n    at Promise._settlePromise0 (http://localhost:38855/__cypress/runner/cypress_runner.js:165453:10)\n    at Promise._settlePromises (http://localhost:38855/__cypress/runner/cypress_runner.js:165528:18)\n    at Async../node_modules/bluebird/js/release/async.js.Async._drainQueue (http://localhost:38855/__cypress/runner/cypress_runner.js:162140:16)\n    at Async../node_modules/bluebird/js/release/async.js.Async._drainQueues (http://localhost:38855/__cypress/runner/cypress_runner.js:162150:10)\n    at Async.drainQueues (http://localhost:38855/__cypress/runner/cypress_runner.js:162024:14)",
                "diff": null
              },
              "uuid": "0141c5d2-0c01-4989-97ff-bb1ffee0fd12",
              "parentUUID": "78a756d6-6eef-4d65-b79f-cf680e22c20e",
              "isHook": false,
              "skipped": false
            }
          ],
          "suites": [],
          "passes": [],
          "failures": [
            "564a4663-886f-417d-9a49-fa3882b0208f",
            "b512cff1-5326-4b7a-a8c6-d0878522a0f1",
            "7db70691-b06c-4d74-9ebc-059988398672",
            "32766ede-bfab-4e50-add5-fe4260038ae8",
            "3a31ebe9-73c2-4983-bf83-7e6b3c911254",
            "1260ea49-16cc-43f6-bc62-ad322bf197f9",
            "46c7ea7d-8708-41a2-a559-73f8508f730a",
            "f161978d-dc74-425b-8194-1d7e29acfbe4",
            "0141c5d2-0c01-4989-97ff-bb1ffee0fd12"
          ],
          "pending": [],
          "skipped": [],
          "duration": 39785,
          "root": false,
          "rootEmpty": false,
          "_timeout": 2000
        },
        {
          "uuid": "5b7e739f-0e36-4d35-8be1-81343eb42328",
          "title": "11 - Limite o tamanho mínimo e máximo do board.",
          "fullFile": "",
          "file": "",
          "beforeHooks": [],
          "afterHooks": [],
          "tests": [
            {
              "title": "Verifica se a altura máxima do board é 50",
              "fullTitle": "11 - Limite o tamanho mínimo e máximo do board. Verifica se a altura máxima do board é 50",
              "timedOut": null,
              "duration": 4437,
              "state": "failed",
              "speed": null,
              "pass": false,
              "fail": true,
              "pending": false,
              "context": null,
              "code": "cy.get('#board-size').clear().type(50);\ncy.get('#generate-board').click();\ncy.get('.pixel').should('have.length', 2500);",
              "err": {
                "message": "CypressError: Timed out retrying: Expected to find element: '#board-size', but never found it.",
                "estack": "CypressError: Timed out retrying: Expected to find element: '#board-size', but never found it.\n    at cypressErr (http://localhost:38855/__cypress/runner/cypress_runner.js:149934:9)\n    at throwErr (http://localhost:38855/__cypress/runner/cypress_runner.js:149867:11)\n    at Object.throwErrByPath (http://localhost:38855/__cypress/runner/cypress_runner.js:149915:3)\n    at retry (http://localhost:38855/__cypress/runner/cypress_runner.js:144197:19)\n    at onFailFn (http://localhost:38855/__cypress/runner/cypress_runner.js:132448:16)\n    at tryCatcher (http://localhost:38855/__cypress/runner/cypress_runner.js:167415:23)\n    at Promise._settlePromiseFromHandler (http://localhost:38855/__cypress/runner/cypress_runner.js:165351:31)\n    at Promise._settlePromise (http://localhost:38855/__cypress/runner/cypress_runner.js:165408:18)\n    at Promise._settlePromise0 (http://localhost:38855/__cypress/runner/cypress_runner.js:165453:10)\n    at Promise._settlePromises (http://localhost:38855/__cypress/runner/cypress_runner.js:165528:18)\n    at Async../node_modules/bluebird/js/release/async.js.Async._drainQueue (http://localhost:38855/__cypress/runner/cypress_runner.js:162140:16)\n    at Async../node_modules/bluebird/js/release/async.js.Async._drainQueues (http://localhost:38855/__cypress/runner/cypress_runner.js:162150:10)\n    at Async.drainQueues (http://localhost:38855/__cypress/runner/cypress_runner.js:162024:14)",
                "diff": null
              },
              "uuid": "324247be-d3ae-4540-a003-0c49d690e96d",
              "parentUUID": "5b7e739f-0e36-4d35-8be1-81343eb42328",
              "isHook": false,
              "skipped": false
            },
            {
              "title": "Verifica se a altura do board é 5 quando um valor menor é colocado no input",
              "fullTitle": "11 - Limite o tamanho mínimo e máximo do board. Verifica se a altura do board é 5 quando um valor menor é colocado no input",
              "timedOut": null,
              "duration": 4419,
              "state": "failed",
              "speed": null,
              "pass": false,
              "fail": true,
              "pending": false,
              "context": null,
              "code": "cy.get('#board-size').clear().type(4);\ncy.get('#generate-board').click();\ncy.get('.pixel').should('have.length', 25);",
              "err": {
                "message": "CypressError: Timed out retrying: Expected to find element: '#board-size', but never found it.",
                "estack": "CypressError: Timed out retrying: Expected to find element: '#board-size', but never found it.\n    at cypressErr (http://localhost:38855/__cypress/runner/cypress_runner.js:149934:9)\n    at throwErr (http://localhost:38855/__cypress/runner/cypress_runner.js:149867:11)\n    at Object.throwErrByPath (http://localhost:38855/__cypress/runner/cypress_runner.js:149915:3)\n    at retry (http://localhost:38855/__cypress/runner/cypress_runner.js:144197:19)\n    at onFailFn (http://localhost:38855/__cypress/runner/cypress_runner.js:132448:16)\n    at tryCatcher (http://localhost:38855/__cypress/runner/cypress_runner.js:167415:23)\n    at Promise._settlePromiseFromHandler (http://localhost:38855/__cypress/runner/cypress_runner.js:165351:31)\n    at Promise._settlePromise (http://localhost:38855/__cypress/runner/cypress_runner.js:165408:18)\n    at Promise._settlePromise0 (http://localhost:38855/__cypress/runner/cypress_runner.js:165453:10)\n    at Promise._settlePromises (http://localhost:38855/__cypress/runner/cypress_runner.js:165528:18)\n    at Async../node_modules/bluebird/js/release/async.js.Async._drainQueue (http://localhost:38855/__cypress/runner/cypress_runner.js:162140:16)\n    at Async../node_modules/bluebird/js/release/async.js.Async._drainQueues (http://localhost:38855/__cypress/runner/cypress_runner.js:162150:10)\n    at Async.drainQueues (http://localhost:38855/__cypress/runner/cypress_runner.js:162024:14)",
                "diff": null
              },
              "uuid": "0cb7b3a2-0a81-4d6f-bd0c-c9cbd2efa5b9",
              "parentUUID": "5b7e739f-0e36-4d35-8be1-81343eb42328",
              "isHook": false,
              "skipped": false
            },
            {
              "title": "Verifica se a altura do board é 50 quando um valor maior é colocado no input",
              "fullTitle": "11 - Limite o tamanho mínimo e máximo do board. Verifica se a altura do board é 50 quando um valor maior é colocado no input",
              "timedOut": null,
              "duration": 4460,
              "state": "failed",
              "speed": null,
              "pass": false,
              "fail": true,
              "pending": false,
              "context": null,
              "code": "cy.get('#board-size').clear().type(51);\ncy.get('#generate-board').click();\ncy.get('.pixel').should('have.length', 2500);",
              "err": {
                "message": "CypressError: Timed out retrying: Expected to find element: '#board-size', but never found it.",
                "estack": "CypressError: Timed out retrying: Expected to find element: '#board-size', but never found it.\n    at cypressErr (http://localhost:38855/__cypress/runner/cypress_runner.js:149934:9)\n    at throwErr (http://localhost:38855/__cypress/runner/cypress_runner.js:149867:11)\n    at Object.throwErrByPath (http://localhost:38855/__cypress/runner/cypress_runner.js:149915:3)\n    at retry (http://localhost:38855/__cypress/runner/cypress_runner.js:144197:19)\n    at onFailFn (http://localhost:38855/__cypress/runner/cypress_runner.js:132448:16)\n    at tryCatcher (http://localhost:38855/__cypress/runner/cypress_runner.js:167415:23)\n    at Promise._settlePromiseFromHandler (http://localhost:38855/__cypress/runner/cypress_runner.js:165351:31)\n    at Promise._settlePromise (http://localhost:38855/__cypress/runner/cypress_runner.js:165408:18)\n    at Promise._settlePromise0 (http://localhost:38855/__cypress/runner/cypress_runner.js:165453:10)\n    at Promise._settlePromises (http://localhost:38855/__cypress/runner/cypress_runner.js:165528:18)\n    at Async../node_modules/bluebird/js/release/async.js.Async._drainQueue (http://localhost:38855/__cypress/runner/cypress_runner.js:162140:16)\n    at Async../node_modules/bluebird/js/release/async.js.Async._drainQueues (http://localhost:38855/__cypress/runner/cypress_runner.js:162150:10)\n    at Async.drainQueues (http://localhost:38855/__cypress/runner/cypress_runner.js:162024:14)",
                "diff": null
              },
              "uuid": "b4020006-3575-4461-a51e-d3e8e4d7d71b",
              "parentUUID": "5b7e739f-0e36-4d35-8be1-81343eb42328",
              "isHook": false,
              "skipped": false
            }
          ],
          "suites": [],
          "passes": [],
          "failures": [
            "324247be-d3ae-4540-a003-0c49d690e96d",
            "0cb7b3a2-0a81-4d6f-bd0c-c9cbd2efa5b9",
            "b4020006-3575-4461-a51e-d3e8e4d7d71b"
          ],
          "pending": [],
          "skipped": [],
          "duration": 13316,
          "root": false,
          "rootEmpty": false,
          "_timeout": 2000
        },
        {
          "uuid": "307e926e-cdec-437c-a682-ed1f19d68fce",
          "title": "12 - Faça com que as cores da paleta sejam geradas aleatoriamente ao carregar a página.",
          "fullFile": "",
          "file": "",
          "beforeHooks": [],
          "afterHooks": [],
          "tests": [
            {
              "title": "Verifica se as cores geradas na paleta são diferentes a cada carregamento da página",
              "fullTitle": "12 - Faça com que as cores da paleta sejam geradas aleatoriamente ao carregar a página. Verifica se as cores geradas na paleta são diferentes a cada carregamento da página",
              "timedOut": null,
              "duration": 609,
              "state": "failed",
              "speed": null,
              "pass": false,
              "fail": true,
              "pending": false,
              "context": null,
              "code": "cy.get('.color').then(function (colors) {\n  var currentColors;\n  var previousColors;\n  previousColors = Array.from(colors).map(function (color) {\n    return Cypress.$(color).css('background-color');\n  });\n  for (var i = 0; i < 5; i += 1) {\n    cy.reload();\n    cy.get('.color').then(function (colors) {\n      currentColors = Array.from(colors).map(function (color) {\n        return Cypress.$(color).css('background-color');\n      });\n      expect(currentColors).not.to.deep.equal(previousColors);\n      previousColors = currentColors;\n    });\n  }\n});",
              "err": {
                "message": "AssertionError: expected [ Array(4) ] to not deeply equal [ Array(4) ]",
                "estack": "AssertionError: expected [ Array(4) ] to not deeply equal [ Array(4) ]\n    at getRet (http://localhost:38855/__cypress/runner/cypress_runner.js:136585:16)\n    at tryCatcher (http://localhost:38855/__cypress/runner/cypress_runner.js:167415:23)\n    at Function.Promise.attempt.Promise.try (http://localhost:38855/__cypress/runner/cypress_runner.js:164690:29)\n    at Context.thenFn (http://localhost:38855/__cypress/runner/cypress_runner.js:136599:23)\n    at Context.then (http://localhost:38855/__cypress/runner/cypress_runner.js:136971:21)\n    at Context.<anonymous> (http://localhost:38855/__cypress/runner/cypress_runner.js:148875:21)\n    at http://localhost:38855/__cypress/runner/cypress_runner.js:148351:33\n    at tryCatcher (http://localhost:38855/__cypress/runner/cypress_runner.js:167415:23)\n    at Promise._settlePromiseFromHandler (http://localhost:38855/__cypress/runner/cypress_runner.js:165351:31)\n    at Promise._settlePromise (http://localhost:38855/__cypress/runner/cypress_runner.js:165408:18)\n    at Promise._settlePromiseCtx (http://localhost:38855/__cypress/runner/cypress_runner.js:165445:10)\n    at Async../node_modules/bluebird/js/release/async.js.Async._drainQueue (http://localhost:38855/__cypress/runner/cypress_runner.js:162145:12)\n    at Async../node_modules/bluebird/js/release/async.js.Async._drainQueues (http://localhost:38855/__cypress/runner/cypress_runner.js:162150:10)\n    at Async.drainQueues (http://localhost:38855/__cypress/runner/cypress_runner.js:162024:14)",
                "diff": ""
              },
              "uuid": "34e4069a-1656-4cab-9320-6071c811513f",
              "parentUUID": "307e926e-cdec-437c-a682-ed1f19d68fce",
              "isHook": false,
              "skipped": false
            },
            {
              "title": "Verifica se a cor preta ainda está presente e é a primeira na sua paleta de cores",
              "fullTitle": "12 - Faça com que as cores da paleta sejam geradas aleatoriamente ao carregar a página. Verifica se a cor preta ainda está presente e é a primeira na sua paleta de cores",
              "timedOut": null,
              "duration": 657,
              "state": "failed",
              "speed": null,
              "pass": false,
              "fail": true,
              "pending": false,
              "context": null,
              "code": "cy.get('.color').then(function (colors) {\n  var currentColors;\n  var previousColors;\n  previousColors = Array.from(colors).map(function (color) {\n    return Cypress.$(color).css('background-color');\n  });\n  expect(previousColors[0]).to.eq(BLACK);\n  for (var i = 0; i < 5; i += 1) {\n    cy.reload();\n    cy.get('.color').then(function (colors) {\n      currentColors = Array.from(colors).map(function (color) {\n        return Cypress.$(color).css('background-color');\n      });\n      expect(currentColors[0]).to.eq(BLACK);\n      expect(currentColors).not.to.deep.equal(previousColors);\n      previousColors = currentColors;\n    });\n  }\n});",
              "err": {
                "message": "AssertionError: expected [ Array(4) ] to not deeply equal [ Array(4) ]",
                "estack": "AssertionError: expected [ Array(4) ] to not deeply equal [ Array(4) ]\n    at getRet (http://localhost:38855/__cypress/runner/cypress_runner.js:136585:16)\n    at tryCatcher (http://localhost:38855/__cypress/runner/cypress_runner.js:167415:23)\n    at Function.Promise.attempt.Promise.try (http://localhost:38855/__cypress/runner/cypress_runner.js:164690:29)\n    at Context.thenFn (http://localhost:38855/__cypress/runner/cypress_runner.js:136599:23)\n    at Context.then (http://localhost:38855/__cypress/runner/cypress_runner.js:136971:21)\n    at Context.<anonymous> (http://localhost:38855/__cypress/runner/cypress_runner.js:148875:21)\n    at http://localhost:38855/__cypress/runner/cypress_runner.js:148351:33\n    at tryCatcher (http://localhost:38855/__cypress/runner/cypress_runner.js:167415:23)\n    at Promise._settlePromiseFromHandler (http://localhost:38855/__cypress/runner/cypress_runner.js:165351:31)\n    at Promise._settlePromise (http://localhost:38855/__cypress/runner/cypress_runner.js:165408:18)\n    at Promise._settlePromiseCtx (http://localhost:38855/__cypress/runner/cypress_runner.js:165445:10)\n    at Async../node_modules/bluebird/js/release/async.js.Async._drainQueue (http://localhost:38855/__cypress/runner/cypress_runner.js:162145:12)\n    at Async../node_modules/bluebird/js/release/async.js.Async._drainQueues (http://localhost:38855/__cypress/runner/cypress_runner.js:162150:10)\n    at Async.drainQueues (http://localhost:38855/__cypress/runner/cypress_runner.js:162024:14)",
                "diff": ""
              },
              "uuid": "3baa22f2-0f1b-4640-8aa2-627a051b8d66",
              "parentUUID": "307e926e-cdec-437c-a682-ed1f19d68fce",
              "isHook": false,
              "skipped": false
            }
          ],
          "suites": [],
          "passes": [],
          "failures": [
            "34e4069a-1656-4cab-9320-6071c811513f",
            "3baa22f2-0f1b-4640-8aa2-627a051b8d66"
          ],
          "pending": [],
          "skipped": [],
          "duration": 1266,
          "root": false,
          "rootEmpty": false,
          "_timeout": 2000
        }
      ],
      "passes": [],
      "failures": [],
      "pending": [],
      "skipped": [],
      "duration": 0,
      "root": true,
      "rootEmpty": true,
      "_timeout": 2000
    }
  ],
  "meta": {
    "mocha": {
      "version": "7.0.1"
    },
    "mochawesome": {
      "options": {
        "quiet": false,
        "reportFilename": "mochawesome",
        "saveHtml": false,
        "saveJson": true,
        "consoleReporter": "spec",
        "useInlineDiffs": false
      },
      "version": "4.1.0"
    },
    "marge": {
      "options": {
        "id": "default",
        "reportDir": "cypress/reports",
        "overwrite": true,
        "html": false,
        "json": true
      },
      "version": "4.1.0"
    }
  }
}